<?xml version="1.0" encoding="UTF-8"?>
<!-- Generated by org.testng.reporters.JUnitReportReporter -->
<testsuite hostname="DESKTOP-BLN1FMN" failures="0" tests="1" name="com.selenium.testng.SwitchTabsPageObjectTest" time="7.806" errors="0" timestamp="2020-05-04T21:38:52 IST" skipped="0">
  <testcase classname="com.selenium.testng.SwitchTabsPageObjectTest" name="switchTabs" time="7.806"/>
  <system-out/>
</testsuite> <!-- com.selenium.testng.SwitchTabsPageObjectTest -->
