<?xml version="1.0" encoding="UTF-8"?>
<!-- Generated by org.testng.reporters.JUnitReportReporter -->
<testsuite hostname="DESKTOP-BLN1FMN" failures="0" tests="1" name="com.selenium.testng.RemoteFilePathTest" time="0.051" errors="0" timestamp="2020-05-11T21:54:30 IST" skipped="0">
  <testcase classname="com.selenium.testng.RemoteFilePathTest" name="f" time="0.051"/>
  <system-out/>
</testsuite> <!-- com.selenium.testng.RemoteFilePathTest -->
