<?xml version="1.0" encoding="UTF-8"?>
<!-- Generated by org.testng.reporters.JUnitReportReporter -->
<testsuite hostname="DESKTOP-BLN1FMN" failures="0" tests="1" name="com.selenium.testng.SendFTPFileTest" time="500.127" errors="0" timestamp="2020-05-12T19:36:41 IST" skipped="0">
  <testcase classname="com.selenium.testng.SendFTPFileTest" name="f" time="500.127"/>
  <system-out/>
</testsuite> <!-- com.selenium.testng.SendFTPFileTest -->
