<?xml version="1.0" encoding="UTF-8"?>
<!-- Generated by org.testng.reporters.JUnitReportReporter -->
<testsuite hostname="DESKTOP-BLN1FMN" failures="0" tests="1" name="com.selenium.testng.SeleniumWebDriverUploadFilePageObjectTest" time="0.188" errors="0" timestamp="2020-05-05T16:30:08 IST" skipped="0">
  <testcase classname="com.selenium.testng.SeleniumWebDriverUploadFilePageObjectTest" name="testSeleniumWebDriverUploadFilePageObject" time="0.188"/>
  <system-out/>
</testsuite> <!-- com.selenium.testng.SeleniumWebDriverUploadFilePageObjectTest -->
