<?xml version="1.0" encoding="UTF-8"?>
<!-- Generated by org.testng.reporters.JUnitReportReporter -->
<testsuite ignored="0" hostname="DESKTOP-BLN1FMN" failures="0" tests="3" name="com.selenium.GitHubPageObjectFactoryTest" time="228.930" errors="0" timestamp="17 Apr 2020 18:05:17 GMT" skipped="0">
  <testcase classname="com.selenium.GitHubPageObjectFactoryTest" name="testPageObjectFactory[2]" time="89.056"/>
  <testcase classname="com.selenium.GitHubPageObjectFactoryTest" name="testPageObjectFactory[0]" time="63.485"/>
  <testcase classname="com.selenium.GitHubPageObjectFactoryTest" name="testPageObjectFactory[1]" time="76.389"/>
</testsuite> <!-- com.selenium.GitHubPageObjectFactoryTest -->
