<?xml version="1.0" encoding="UTF-8"?>
<!-- Generated by org.testng.reporters.JUnitReportReporter -->
<testsuite ignored="3" hostname="DESKTOP-BLN1FMN" failures="0" tests="1" name="com.selenium.testng.SeleniumWebDriverUploadFilePageObjectTest" time="0.304" errors="0" timestamp="06 May 2020 10:54:37 GMT" skipped="0">
  <testcase classname="com.selenium.testng.SeleniumWebDriverUploadFilePageObjectTest" name="testSeleniumWebDriverUploadFilePageObject" time="0.304"/>
  <testcase classname="com.selenium.testng.SoftvsHardErrorTest" name="hardError">
    <skipped/>
  </testcase> <!-- hardError -->
  <testcase classname="com.selenium.testng.SoftvsHardErrorTest" name="softError">
    <skipped/>
  </testcase> <!-- softError -->
  <testcase classname="com.selenium.testng.SwitchTabsPageObjectTest" name="switchTabs">
    <skipped/>
  </testcase> <!-- switchTabs -->
</testsuite> <!-- com.selenium.testng.SeleniumWebDriverUploadFilePageObjectTest -->
