<?xml version="1.0" encoding="UTF-8"?>
<!-- Generated by org.testng.reporters.JUnitReportReporter -->
<testsuite ignored="0" hostname="DESKTOP-BLN1FMN" failures="0" tests="3" name="com.selenium.GitHubPageObjectFactoryTest" time="162.565" errors="0" timestamp="24 Apr 2020 11:38:49 GMT" skipped="0">
  <testcase classname="com.selenium.GitHubPageObjectFactoryTest" name="testPageObjectFactory[1]" time="54.258"/>
  <testcase classname="com.selenium.GitHubPageObjectFactoryTest" name="testPageObjectFactory[2]" time="66.319"/>
  <testcase classname="com.selenium.GitHubPageObjectFactoryTest" name="testPageObjectFactory[0]" time="41.988"/>
</testsuite> <!-- com.selenium.GitHubPageObjectFactoryTest -->
